<component name="libraryTable">
  <library name="junit-jupiter-api-5.3.0">
    <CLASSES>
      <root url="jar://$PROJECT_DIR$/../../external library/junit-jupiter/junit-jupiter-api-5.3.0.jar!/" />
      <root url="jar://$PROJECT_DIR$/../../external library/junit-jupiter/junit-platform-commons-1.3.0.jar!/" />
      <root url="jar://$PROJECT_DIR$/../../external library/junit-jupiter/junit-platform-launcher-1.3.0.jar!/" />
    </CLASSES>
    <JAVADOC />
    <SOURCES />
  </library>
</component>